<?xml version="1.0" ?>
<coverage branch-rate="0" branches-covered="0" branches-valid="0" complexity="0" line-rate="0.08794" lines-covered="78" lines-valid="887" timestamp="1531237114728" version="4.5.1">
	<!-- Generated by coverage.py: https://coverage.readthedocs.io -->
	<!-- Based on https://raw.githubusercontent.com/cobertura/web/master/htdocs/xml/coverage-04.dtd -->
	<sources>
		<source>/Users/amulya/Documents/PhDResearch/Scripts/MolSSI/summerschool/sssdevops</source>
	</sources>
	<packages>
		<package branch-rate="0" complexity="0" line-rate="0.08981" name=".">
			<classes>
				<class branch-rate="0" complexity="0" filename="setup.py" line-rate="0" name="setup.py">
					<methods/>
					<lines>
						<line hits="0" number="1"/>
						<line hits="0" number="2"/>
						<line hits="0" number="4"/>
						<line hits="0" number="5"/>
					</lines>
				</class>
				<class branch-rate="0" complexity="0" filename="versioneer.py" line-rate="0.09043" name="versioneer.py">
					<methods/>
					<lines>
						<line hits="1" number="4"/>
						<line hits="1" number="279"/>
						<line hits="1" number="280"/>
						<line hits="1" number="281"/>
						<line hits="0" number="282"/>
						<line hits="0" number="283"/>
						<line hits="1" number="284"/>
						<line hits="1" number="285"/>
						<line hits="1" number="286"/>
						<line hits="1" number="287"/>
						<line hits="1" number="288"/>
						<line hits="1" number="289"/>
						<line hits="1" number="292"/>
						<line hits="1" number="296"/>
						<line hits="0" number="302"/>
						<line hits="0" number="303"/>
						<line hits="0" number="304"/>
						<line hits="0" number="305"/>
						<line hits="0" number="307"/>
						<line hits="0" number="308"/>
						<line hits="0" number="309"/>
						<line hits="0" number="310"/>
						<line hits="0" number="311"/>
						<line hits="0" number="316"/>
						<line hits="0" number="317"/>
						<line hits="0" number="324"/>
						<line hits="0" number="325"/>
						<line hits="0" number="326"/>
						<line hits="0" number="327"/>
						<line hits="0" number="328"/>
						<line hits="0" number="330"/>
						<line hits="0" number="331"/>
						<line hits="0" number="332"/>
						<line hits="1" number="335"/>
						<line hits="0" number="341"/>
						<line hits="0" number="342"/>
						<line hits="0" number="343"/>
						<line hits="0" number="344"/>
						<line hits="0" number="345"/>
						<line hits="0" number="347"/>
						<line hits="0" number="348"/>
						<line hits="0" number="349"/>
						<line hits="0" number="350"/>
						<line hits="0" number="351"/>
						<line hits="0" number="352"/>
						<line hits="0" number="353"/>
						<line hits="0" number="354"/>
						<line hits="0" number="355"/>
						<line hits="0" number="356"/>
						<line hits="0" number="357"/>
						<line hits="0" number="358"/>
						<line hits="0" number="359"/>
						<line hits="0" number="360"/>
						<line hits="0" number="361"/>
						<line hits="1" number="364"/>
						<line hits="1" number="369"/>
						<line hits="1" number="370"/>
						<line hits="1" number="373"/>
						<line hits="1" number="375"/>
						<line hits="1" number="377"/>
						<line hits="1" number="378"/>
						<line hits="1" number="379"/>
						<line hits="1" number="380"/>
						<line hits="1" number="381"/>
						<line hits="1" number="384"/>
						<line hits="0" number="387"/>
						<line hits="0" number="388"/>
						<line hits="0" number="389"/>
						<line hits="0" number="390"/>
						<line hits="0" number="391"/>
						<line hits="0" number="393"/>
						<line hits="0" number="397"/>
						<line hits="0" number="398"/>
						<line hits="0" number="399"/>
						<line hits="0" number="400"/>
						<line hits="0" number="401"/>
						<line hits="0" number="402"/>
						<line hits="0" number="403"/>
						<line hits="0" number="404"/>
						<line hits="0" number="405"/>
						<line hits="0" number="407"/>
						<line hits="0" number="408"/>
						<line hits="0" number="409"/>
						<line hits="0" number="410"/>
						<line hits="0" number="411"/>
						<line hits="0" number="412"/>
						<line hits="0" number="413"/>
						<line hits="0" number="414"/>
						<line hits="0" number="415"/>
						<line hits="0" number="416"/>
						<line hits="0" number="417"/>
						<line hits="0" number="418"/>
						<line hits="1" number="421"/>
						<line hits="1" number="944"/>
						<line hits="0" number="951"/>
						<line hits="0" number="952"/>
						<line hits="0" number="953"/>
						<line hits="0" number="954"/>
						<line hits="0" number="955"/>
						<line hits="0" number="956"/>
						<line hits="0" number="957"/>
						<line hits="0" number="958"/>
						<line hits="0" number="959"/>
						<line hits="0" number="960"/>
						<line hits="0" number="961"/>
						<line hits="0" number="962"/>
						<line hits="0" number="963"/>
						<line hits="0" number="964"/>
						<line hits="0" number="965"/>
						<line hits="0" number="966"/>
						<line hits="0" number="967"/>
						<line hits="0" number="968"/>
						<line hits="0" number="969"/>
						<line hits="0" number="970"/>
						<line hits="1" number="973"/>
						<line hits="0" number="976"/>
						<line hits="0" number="977"/>
						<line hits="0" number="978"/>
						<line hits="0" number="979"/>
						<line hits="0" number="986"/>
						<line hits="0" number="987"/>
						<line hits="0" number="988"/>
						<line hits="0" number="989"/>
						<line hits="0" number="990"/>
						<line hits="0" number="991"/>
						<line hits="0" number="992"/>
						<line hits="0" number="995"/>
						<line hits="0" number="996"/>
						<line hits="0" number="997"/>
						<line hits="0" number="1005"/>
						<line hits="0" number="1006"/>
						<line hits="0" number="1007"/>
						<line hits="0" number="1008"/>
						<line hits="0" number="1009"/>
						<line hits="0" number="1010"/>
						<line hits="0" number="1012"/>
						<line hits="0" number="1013"/>
						<line hits="0" number="1014"/>
						<line hits="0" number="1015"/>
						<line hits="0" number="1016"/>
						<line hits="0" number="1021"/>
						<line hits="0" number="1022"/>
						<line hits="0" number="1023"/>
						<line hits="1" number="1028"/>
						<line hits="1" number="1029"/>
						<line hits="0" number="1036"/>
						<line hits="0" number="1037"/>
						<line hits="0" number="1038"/>
						<line hits="0" number="1040"/>
						<line hits="0" number="1042"/>
						<line hits="0" number="1043"/>
						<line hits="0" number="1044"/>
						<line hits="0" number="1045"/>
						<line hits="0" number="1049"/>
						<line hits="0" number="1054"/>
						<line hits="0" number="1055"/>
						<line hits="0" number="1056"/>
						<line hits="0" number="1057"/>
						<line hits="0" number="1058"/>
						<line hits="0" number="1059"/>
						<line hits="0" number="1060"/>
						<line hits="0" number="1062"/>
						<line hits="0" number="1063"/>
						<line hits="0" number="1064"/>
						<line hits="0" number="1065"/>
						<line hits="0" number="1069"/>
						<line hits="0" number="1072"/>
						<line hits="0" number="1073"/>
						<line hits="0" number="1074"/>
						<line hits="0" number="1075"/>
						<line hits="0" number="1079"/>
						<line hits="0" number="1081"/>
						<line hits="0" number="1082"/>
						<line hits="0" number="1084"/>
						<line hits="0" number="1086"/>
						<line hits="0" number="1089"/>
						<line hits="0" number="1090"/>
						<line hits="0" number="1091"/>
						<line hits="0" number="1092"/>
						<line hits="0" number="1093"/>
						<line hits="0" number="1094"/>
						<line hits="0" number="1096"/>
						<line hits="0" number="1097"/>
						<line hits="0" number="1100"/>
						<line hits="0" number="1103"/>
						<line hits="0" number="1107"/>
						<line hits="0" number="1108"/>
						<line hits="0" number="1110"/>
						<line hits="0" number="1113"/>
						<line hits="0" number="1115"/>
						<line hits="0" number="1117"/>
						<line hits="1" number="1120"/>
						<line hits="0" number="1126"/>
						<line hits="0" number="1127"/>
						<line hits="0" number="1128"/>
						<line hits="0" number="1129"/>
						<line hits="0" number="1130"/>
						<line hits="0" number="1131"/>
						<line hits="0" number="1132"/>
						<line hits="0" number="1133"/>
						<line hits="0" number="1134"/>
						<line hits="0" number="1135"/>
						<line hits="0" number="1136"/>
						<line hits="0" number="1137"/>
						<line hits="0" number="1138"/>
						<line hits="0" number="1139"/>
						<line hits="0" number="1140"/>
						<line hits="0" number="1141"/>
						<line hits="0" number="1142"/>
						<line hits="0" number="1143"/>
						<line hits="0" number="1144"/>
						<line hits="0" number="1145"/>
						<line hits="0" number="1146"/>
						<line hits="0" number="1147"/>
						<line hits="0" number="1148"/>
						<line hits="0" number="1149"/>
						<line hits="0" number="1150"/>
						<line hits="0" number="1151"/>
						<line hits="0" number="1152"/>
						<line hits="0" number="1153"/>
						<line hits="0" number="1154"/>
						<line hits="0" number="1155"/>
						<line hits="1" number="1158"/>
						<line hits="0" number="1165"/>
						<line hits="0" number="1167"/>
						<line hits="0" number="1168"/>
						<line hits="0" number="1169"/>
						<line hits="0" number="1170"/>
						<line hits="0" number="1174"/>
						<line hits="0" number="1175"/>
						<line hits="0" number="1177"/>
						<line hits="0" number="1178"/>
						<line hits="0" number="1180"/>
						<line hits="1" number="1183"/>
						<line hits="1" number="1201"/>
						<line hits="0" number="1203"/>
						<line hits="0" number="1204"/>
						<line hits="0" number="1205"/>
						<line hits="0" number="1206"/>
						<line hits="0" number="1207"/>
						<line hits="0" number="1208"/>
						<line hits="0" number="1210"/>
						<line hits="0" number="1211"/>
						<line hits="0" number="1213"/>
						<line hits="0" number="1214"/>
						<line hits="0" number="1215"/>
						<line hits="1" number="1218"/>
						<line hits="0" number="1220"/>
						<line hits="0" number="1221"/>
						<line hits="0" number="1223"/>
						<line hits="0" number="1224"/>
						<line hits="0" number="1226"/>
						<line hits="1" number="1229"/>
						<line hits="0" number="1231"/>
						<line hits="0" number="1232"/>
						<line hits="0" number="1233"/>
						<line hits="1" number="1236"/>
						<line hits="0" number="1245"/>
						<line hits="0" number="1246"/>
						<line hits="0" number="1247"/>
						<line hits="0" number="1248"/>
						<line hits="0" number="1249"/>
						<line hits="0" number="1250"/>
						<line hits="0" number="1251"/>
						<line hits="0" number="1254"/>
						<line hits="0" number="1256"/>
						<line hits="0" number="1257"/>
						<line hits="0" number="1258"/>
						<line hits="1" number="1261"/>
						<line hits="0" number="1267"/>
						<line hits="0" number="1268"/>
						<line hits="0" number="1269"/>
						<line hits="0" number="1270"/>
						<line hits="0" number="1273"/>
						<line hits="0" number="1274"/>
						<line hits="1" number="1277"/>
						<line hits="0" number="1287"/>
						<line hits="0" number="1288"/>
						<line hits="0" number="1289"/>
						<line hits="0" number="1290"/>
						<line hits="0" number="1291"/>
						<line hits="0" number="1292"/>
						<line hits="0" number="1293"/>
						<line hits="0" number="1294"/>
						<line hits="0" number="1297"/>
						<line hits="0" number="1298"/>
						<line hits="0" number="1299"/>
						<line hits="0" number="1300"/>
						<line hits="0" number="1301"/>
						<line hits="1" number="1304"/>
						<line hits="0" number="1312"/>
						<line hits="0" number="1313"/>
						<line hits="0" number="1314"/>
						<line hits="0" number="1315"/>
						<line hits="0" number="1316"/>
						<line hits="0" number="1317"/>
						<line hits="0" number="1320"/>
						<line hits="0" number="1321"/>
						<line hits="0" number="1322"/>
						<line hits="0" number="1323"/>
						<line hits="1" number="1326"/>
						<line hits="0" number="1334"/>
						<line hits="0" number="1335"/>
						<line hits="0" number="1336"/>
						<line hits="0" number="1337"/>
						<line hits="0" number="1340"/>
						<line hits="0" number="1341"/>
						<line hits="0" number="1342"/>
						<line hits="0" number="1343"/>
						<line hits="1" number="1346"/>
						<line hits="0" number="1355"/>
						<line hits="0" number="1356"/>
						<line hits="0" number="1357"/>
						<line hits="0" number="1360"/>
						<line hits="0" number="1361"/>
						<line hits="0" number="1362"/>
						<line hits="0" number="1363"/>
						<line hits="1" number="1366"/>
						<line hits="0" number="1368"/>
						<line hits="0" number="1369"/>
						<line hits="0" number="1375"/>
						<line hits="0" number="1376"/>
						<line hits="0" number="1378"/>
						<line hits="0" number="1379"/>
						<line hits="0" number="1380"/>
						<line hits="0" number="1381"/>
						<line hits="0" number="1382"/>
						<line hits="0" number="1383"/>
						<line hits="0" number="1384"/>
						<line hits="0" number="1385"/>
						<line hits="0" number="1386"/>
						<line hits="0" number="1387"/>
						<line hits="0" number="1388"/>
						<line hits="0" number="1389"/>
						<line hits="0" number="1391"/>
						<line hits="0" number="1393"/>
						<line hits="1" number="1398"/>
						<line hits="1" number="1402"/>
						<line hits="0" number="1407"/>
						<line hits="0" number="1409"/>
						<line hits="0" number="1411"/>
						<line hits="0" number="1412"/>
						<line hits="0" number="1414"/>
						<line hits="0" number="1415"/>
						<line hits="0" number="1416"/>
						<line hits="0" number="1417"/>
						<line hits="0" number="1418"/>
						<line hits="0" number="1420"/>
						<line hits="0" number="1422"/>
						<line hits="0" number="1430"/>
						<line hits="0" number="1431"/>
						<line hits="0" number="1432"/>
						<line hits="0" number="1433"/>
						<line hits="0" number="1434"/>
						<line hits="0" number="1435"/>
						<line hits="0" number="1436"/>
						<line hits="0" number="1437"/>
						<line hits="0" number="1438"/>
						<line hits="0" number="1439"/>
						<line hits="0" number="1440"/>
						<line hits="0" number="1442"/>
						<line hits="0" number="1443"/>
						<line hits="0" number="1444"/>
						<line hits="0" number="1445"/>
						<line hits="0" number="1446"/>
						<line hits="0" number="1447"/>
						<line hits="0" number="1448"/>
						<line hits="0" number="1450"/>
						<line hits="0" number="1451"/>
						<line hits="0" number="1452"/>
						<line hits="0" number="1453"/>
						<line hits="0" number="1454"/>
						<line hits="0" number="1455"/>
						<line hits="0" number="1456"/>
						<line hits="0" number="1457"/>
						<line hits="0" number="1458"/>
						<line hits="0" number="1459"/>
						<line hits="0" number="1461"/>
						<line hits="0" number="1462"/>
						<line hits="0" number="1463"/>
						<line hits="0" number="1464"/>
						<line hits="0" number="1465"/>
						<line hits="0" number="1466"/>
						<line hits="0" number="1467"/>
						<line hits="0" number="1468"/>
						<line hits="0" number="1470"/>
						<line hits="0" number="1471"/>
						<line hits="0" number="1473"/>
						<line hits="1" number="1478"/>
						<line hits="0" number="1480"/>
						<line hits="1" number="1483"/>
						<line hits="0" number="1485"/>
						<line hits="0" number="1486"/>
						<line hits="0" number="1500"/>
						<line hits="0" number="1503"/>
						<line hits="0" number="1505"/>
						<line hits="0" number="1506"/>
						<line hits="0" number="1507"/>
						<line hits="0" number="1508"/>
						<line hits="0" number="1510"/>
						<line hits="0" number="1511"/>
						<line hits="0" number="1513"/>
						<line hits="0" number="1514"/>
						<line hits="0" number="1516"/>
						<line hits="0" number="1517"/>
						<line hits="0" number="1518"/>
						<line hits="0" number="1519"/>
						<line hits="0" number="1520"/>
						<line hits="0" number="1521"/>
						<line hits="0" number="1522"/>
						<line hits="0" number="1523"/>
						<line hits="0" number="1524"/>
						<line hits="0" number="1542"/>
						<line hits="0" number="1543"/>
						<line hits="0" number="1545"/>
						<line hits="0" number="1547"/>
						<line hits="0" number="1548"/>
						<line hits="0" number="1549"/>
						<line hits="0" number="1550"/>
						<line hits="0" number="1551"/>
						<line hits="0" number="1552"/>
						<line hits="0" number="1555"/>
						<line hits="0" number="1556"/>
						<line hits="0" number="1558"/>
						<line hits="0" number="1559"/>
						<line hits="0" number="1560"/>
						<line hits="0" number="1562"/>
						<line hits="0" number="1563"/>
						<line hits="0" number="1571"/>
						<line hits="0" number="1572"/>
						<line hits="0" number="1573"/>
						<line hits="0" number="1574"/>
						<line hits="0" number="1575"/>
						<line hits="0" number="1576"/>
						<line hits="0" number="1577"/>
						<line hits="0" number="1578"/>
						<line hits="0" number="1580"/>
						<line hits="0" number="1581"/>
						<line hits="0" number="1582"/>
						<line hits="0" number="1583"/>
						<line hits="0" number="1584"/>
						<line hits="0" number="1591"/>
						<line hits="0" number="1592"/>
						<line hits="0" number="1594"/>
						<line hits="0" number="1595"/>
						<line hits="0" number="1596"/>
						<line hits="0" number="1597"/>
						<line hits="0" number="1598"/>
						<line hits="0" number="1600"/>
						<line hits="0" number="1601"/>
						<line hits="0" number="1602"/>
						<line hits="0" number="1603"/>
						<line hits="0" number="1604"/>
						<line hits="0" number="1605"/>
						<line hits="0" number="1606"/>
						<line hits="0" number="1607"/>
						<line hits="0" number="1609"/>
						<line hits="0" number="1610"/>
						<line hits="0" number="1611"/>
						<line hits="0" number="1612"/>
						<line hits="0" number="1613"/>
						<line hits="0" number="1620"/>
						<line hits="0" number="1623"/>
						<line hits="0" number="1624"/>
						<line hits="0" number="1626"/>
						<line hits="0" number="1628"/>
						<line hits="0" number="1629"/>
						<line hits="0" number="1630"/>
						<line hits="0" number="1631"/>
						<line hits="0" number="1634"/>
						<line hits="0" number="1635"/>
						<line hits="0" number="1637"/>
						<line hits="0" number="1638"/>
						<line hits="0" number="1639"/>
						<line hits="0" number="1640"/>
						<line hits="0" number="1644"/>
						<line hits="0" number="1645"/>
						<line hits="0" number="1646"/>
						<line hits="0" number="1648"/>
						<line hits="0" number="1650"/>
						<line hits="1" number="1653"/>
						<line hits="1" number="1675"/>
						<line hits="1" number="1690"/>
						<line hits="1" number="1697"/>
						<line hits="0" number="1699"/>
						<line hits="0" number="1700"/>
						<line hits="0" number="1701"/>
						<line hits="0" number="1702"/>
						<line hits="0" number="1704"/>
						<line hits="0" number="1705"/>
						<line hits="0" number="1707"/>
						<line hits="0" number="1708"/>
						<line hits="0" number="1709"/>
						<line hits="0" number="1710"/>
						<line hits="0" number="1712"/>
						<line hits="0" number="1713"/>
						<line hits="0" number="1714"/>
						<line hits="0" number="1715"/>
						<line hits="0" number="1722"/>
						<line hits="0" number="1724"/>
						<line hits="0" number="1725"/>
						<line hits="0" number="1726"/>
						<line hits="0" number="1727"/>
						<line hits="0" number="1728"/>
						<line hits="0" number="1729"/>
						<line hits="0" number="1730"/>
						<line hits="0" number="1731"/>
						<line hits="0" number="1732"/>
						<line hits="0" number="1733"/>
						<line hits="0" number="1735"/>
						<line hits="0" number="1737"/>
						<line hits="0" number="1738"/>
						<line hits="0" number="1744"/>
						<line hits="0" number="1745"/>
						<line hits="0" number="1746"/>
						<line hits="0" number="1747"/>
						<line hits="0" number="1748"/>
						<line hits="0" number="1749"/>
						<line hits="0" number="1750"/>
						<line hits="0" number="1751"/>
						<line hits="0" number="1752"/>
						<line hits="0" number="1753"/>
						<line hits="0" number="1758"/>
						<line hits="0" number="1759"/>
						<line hits="0" number="1760"/>
						<line hits="0" number="1761"/>
						<line hits="0" number="1763"/>
						<line hits="0" number="1764"/>
						<line hits="0" number="1765"/>
						<line hits="0" number="1767"/>
						<line hits="0" number="1768"/>
						<line hits="0" number="1770"/>
						<line hits="0" number="1775"/>
						<line hits="0" number="1776"/>
						<line hits="1" number="1779"/>
						<line hits="0" number="1781"/>
						<line hits="0" number="1782"/>
						<line hits="0" number="1783"/>
						<line hits="0" number="1784"/>
						<line hits="0" number="1785"/>
						<line hits="0" number="1786"/>
						<line hits="0" number="1787"/>
						<line hits="0" number="1788"/>
						<line hits="0" number="1789"/>
						<line hits="0" number="1790"/>
						<line hits="0" number="1791"/>
						<line hits="0" number="1792"/>
						<line hits="0" number="1793"/>
						<line hits="0" number="1794"/>
						<line hits="0" number="1795"/>
						<line hits="0" number="1796"/>
						<line hits="0" number="1797"/>
						<line hits="0" number="1798"/>
						<line hits="0" number="1799"/>
						<line hits="0" number="1800"/>
						<line hits="0" number="1801"/>
						<line hits="0" number="1802"/>
						<line hits="0" number="1803"/>
						<line hits="0" number="1804"/>
						<line hits="0" number="1805"/>
						<line hits="0" number="1806"/>
						<line hits="0" number="1807"/>
						<line hits="0" number="1808"/>
						<line hits="0" number="1809"/>
						<line hits="0" number="1810"/>
						<line hits="0" number="1811"/>
						<line hits="0" number="1812"/>
						<line hits="0" number="1813"/>
						<line hits="1" number="1816"/>
						<line hits="0" number="1817"/>
						<line hits="0" number="1818"/>
						<line hits="0" number="1819"/>
						<line hits="0" number="1820"/>
						<line hits="0" number="1821"/>
						<line hits="0" number="1822"/>
					</lines>
				</class>
			</classes>
		</package>
		<package branch-rate="0" complexity="0" line-rate="0.03114" name="sssdevops">
			<classes>
				<class branch-rate="0" complexity="0" filename="sssdevops/__init__.py" line-rate="1" name="__init__.py">
					<methods/>
					<lines>
						<line hits="1" number="5"/>
						<line hits="1" number="6"/>
						<line hits="1" number="7"/>
					</lines>
				</class>
				<class branch-rate="0" complexity="0" filename="sssdevops/_version.py" line-rate="0" name="_version.py">
					<methods/>
					<lines>
						<line hits="0" number="11"/>
						<line hits="0" number="13"/>
						<line hits="0" number="14"/>
						<line hits="0" number="15"/>
						<line hits="0" number="16"/>
						<line hits="0" number="17"/>
						<line hits="0" number="20"/>
						<line hits="0" number="26"/>
						<line hits="0" number="27"/>
						<line hits="0" number="28"/>
						<line hits="0" number="29"/>
						<line hits="0" number="30"/>
						<line hits="0" number="33"/>
						<line hits="0" number="37"/>
						<line hits="0" number="41"/>
						<line hits="0" number="42"/>
						<line hits="0" number="43"/>
						<line hits="0" number="44"/>
						<line hits="0" number="45"/>
						<line hits="0" number="46"/>
						<line hits="0" number="47"/>
						<line hits="0" number="48"/>
						<line hits="0" number="51"/>
						<line hits="0" number="55"/>
						<line hits="0" number="56"/>
						<line hits="0" number="59"/>
						<line hits="0" number="61"/>
						<line hits="0" number="63"/>
						<line hits="0" number="64"/>
						<line hits="0" number="65"/>
						<line hits="0" number="66"/>
						<line hits="0" number="67"/>
						<line hits="0" number="70"/>
						<line hits="0" number="73"/>
						<line hits="0" number="74"/>
						<line hits="0" number="75"/>
						<line hits="0" number="76"/>
						<line hits="0" number="77"/>
						<line hits="0" number="79"/>
						<line hits="0" number="83"/>
						<line hits="0" number="84"/>
						<line hits="0" number="85"/>
						<line hits="0" number="86"/>
						<line hits="0" number="87"/>
						<line hits="0" number="88"/>
						<line hits="0" number="89"/>
						<line hits="0" number="90"/>
						<line hits="0" number="91"/>
						<line hits="0" number="93"/>
						<line hits="0" number="94"/>
						<line hits="0" number="95"/>
						<line hits="0" number="96"/>
						<line hits="0" number="97"/>
						<line hits="0" number="98"/>
						<line hits="0" number="99"/>
						<line hits="0" number="100"/>
						<line hits="0" number="101"/>
						<line hits="0" number="102"/>
						<line hits="0" number="103"/>
						<line hits="0" number="104"/>
						<line hits="0" number="107"/>
						<line hits="0" number="114"/>
						<line hits="0" number="116"/>
						<line hits="0" number="117"/>
						<line hits="0" number="118"/>
						<line hits="0" number="119"/>
						<line hits="0" number="123"/>
						<line hits="0" number="124"/>
						<line hits="0" number="126"/>
						<line hits="0" number="127"/>
						<line hits="0" number="129"/>
						<line hits="0" number="132"/>
						<line hits="0" number="139"/>
						<line hits="0" number="140"/>
						<line hits="0" number="141"/>
						<line hits="0" number="142"/>
						<line hits="0" number="143"/>
						<line hits="0" number="144"/>
						<line hits="0" number="145"/>
						<line hits="0" number="146"/>
						<line hits="0" number="147"/>
						<line hits="0" number="148"/>
						<line hits="0" number="149"/>
						<line hits="0" number="150"/>
						<line hits="0" number="151"/>
						<line hits="0" number="152"/>
						<line hits="0" number="153"/>
						<line hits="0" number="154"/>
						<line hits="0" number="155"/>
						<line hits="0" number="156"/>
						<line hits="0" number="157"/>
						<line hits="0" number="158"/>
						<line hits="0" number="161"/>
						<line hits="0" number="164"/>
						<line hits="0" number="165"/>
						<line hits="0" number="166"/>
						<line hits="0" number="167"/>
						<line hits="0" number="174"/>
						<line hits="0" number="175"/>
						<line hits="0" number="176"/>
						<line hits="0" number="177"/>
						<line hits="0" number="178"/>
						<line hits="0" number="179"/>
						<line hits="0" number="180"/>
						<line hits="0" number="183"/>
						<line hits="0" number="184"/>
						<line hits="0" number="185"/>
						<line hits="0" number="193"/>
						<line hits="0" number="194"/>
						<line hits="0" number="195"/>
						<line hits="0" number="196"/>
						<line hits="0" number="197"/>
						<line hits="0" number="198"/>
						<line hits="0" number="200"/>
						<line hits="0" number="201"/>
						<line hits="0" number="202"/>
						<line hits="0" number="203"/>
						<line hits="0" number="204"/>
						<line hits="0" number="209"/>
						<line hits="0" number="210"/>
						<line hits="0" number="211"/>
						<line hits="0" number="216"/>
						<line hits="0" number="217"/>
						<line hits="0" number="224"/>
						<line hits="0" number="225"/>
						<line hits="0" number="226"/>
						<line hits="0" number="228"/>
						<line hits="0" number="230"/>
						<line hits="0" number="231"/>
						<line hits="0" number="232"/>
						<line hits="0" number="233"/>
						<line hits="0" number="237"/>
						<line hits="0" number="242"/>
						<line hits="0" number="243"/>
						<line hits="0" number="244"/>
						<line hits="0" number="245"/>
						<line hits="0" number="246"/>
						<line hits="0" number="247"/>
						<line hits="0" number="248"/>
						<line hits="0" number="250"/>
						<line hits="0" number="251"/>
						<line hits="0" number="252"/>
						<line hits="0" number="253"/>
						<line hits="0" number="257"/>
						<line hits="0" number="260"/>
						<line hits="0" number="261"/>
						<line hits="0" number="262"/>
						<line hits="0" number="263"/>
						<line hits="0" number="267"/>
						<line hits="0" number="269"/>
						<line hits="0" number="270"/>
						<line hits="0" number="272"/>
						<line hits="0" number="274"/>
						<line hits="0" number="277"/>
						<line hits="0" number="278"/>
						<line hits="0" number="279"/>
						<line hits="0" number="280"/>
						<line hits="0" number="281"/>
						<line hits="0" number="282"/>
						<line hits="0" number="284"/>
						<line hits="0" number="285"/>
						<line hits="0" number="288"/>
						<line hits="0" number="291"/>
						<line hits="0" number="295"/>
						<line hits="0" number="296"/>
						<line hits="0" number="298"/>
						<line hits="0" number="301"/>
						<line hits="0" number="303"/>
						<line hits="0" number="305"/>
						<line hits="0" number="308"/>
						<line hits="0" number="310"/>
						<line hits="0" number="311"/>
						<line hits="0" number="312"/>
						<line hits="0" number="315"/>
						<line hits="0" number="324"/>
						<line hits="0" number="325"/>
						<line hits="0" number="326"/>
						<line hits="0" number="327"/>
						<line hits="0" number="328"/>
						<line hits="0" number="329"/>
						<line hits="0" number="330"/>
						<line hits="0" number="333"/>
						<line hits="0" number="335"/>
						<line hits="0" number="336"/>
						<line hits="0" number="337"/>
						<line hits="0" number="340"/>
						<line hits="0" number="346"/>
						<line hits="0" number="347"/>
						<line hits="0" number="348"/>
						<line hits="0" number="349"/>
						<line hits="0" number="352"/>
						<line hits="0" number="353"/>
						<line hits="0" number="356"/>
						<line hits="0" number="366"/>
						<line hits="0" number="367"/>
						<line hits="0" number="368"/>
						<line hits="0" number="369"/>
						<line hits="0" number="370"/>
						<line hits="0" number="371"/>
						<line hits="0" number="372"/>
						<line hits="0" number="373"/>
						<line hits="0" number="376"/>
						<line hits="0" number="377"/>
						<line hits="0" number="378"/>
						<line hits="0" number="379"/>
						<line hits="0" number="380"/>
						<line hits="0" number="383"/>
						<line hits="0" number="391"/>
						<line hits="0" number="392"/>
						<line hits="0" number="393"/>
						<line hits="0" number="394"/>
						<line hits="0" number="395"/>
						<line hits="0" number="396"/>
						<line hits="0" number="399"/>
						<line hits="0" number="400"/>
						<line hits="0" number="401"/>
						<line hits="0" number="402"/>
						<line hits="0" number="405"/>
						<line hits="0" number="413"/>
						<line hits="0" number="414"/>
						<line hits="0" number="415"/>
						<line hits="0" number="416"/>
						<line hits="0" number="419"/>
						<line hits="0" number="420"/>
						<line hits="0" number="421"/>
						<line hits="0" number="422"/>
						<line hits="0" number="425"/>
						<line hits="0" number="434"/>
						<line hits="0" number="435"/>
						<line hits="0" number="436"/>
						<line hits="0" number="439"/>
						<line hits="0" number="440"/>
						<line hits="0" number="441"/>
						<line hits="0" number="442"/>
						<line hits="0" number="445"/>
						<line hits="0" number="447"/>
						<line hits="0" number="448"/>
						<line hits="0" number="454"/>
						<line hits="0" number="455"/>
						<line hits="0" number="457"/>
						<line hits="0" number="458"/>
						<line hits="0" number="459"/>
						<line hits="0" number="460"/>
						<line hits="0" number="461"/>
						<line hits="0" number="462"/>
						<line hits="0" number="463"/>
						<line hits="0" number="464"/>
						<line hits="0" number="465"/>
						<line hits="0" number="466"/>
						<line hits="0" number="467"/>
						<line hits="0" number="468"/>
						<line hits="0" number="470"/>
						<line hits="0" number="472"/>
						<line hits="0" number="477"/>
						<line hits="0" number="484"/>
						<line hits="0" number="485"/>
						<line hits="0" number="487"/>
						<line hits="0" number="488"/>
						<line hits="0" number="490"/>
						<line hits="0" number="491"/>
						<line hits="0" number="493"/>
						<line hits="0" number="494"/>
						<line hits="0" number="498"/>
						<line hits="0" number="499"/>
						<line hits="0" number="500"/>
						<line hits="0" number="501"/>
						<line hits="0" number="506"/>
						<line hits="0" number="507"/>
						<line hits="0" number="508"/>
						<line hits="0" number="509"/>
						<line hits="0" number="510"/>
						<line hits="0" number="512"/>
						<line hits="0" number="513"/>
						<line hits="0" number="514"/>
						<line hits="0" number="515"/>
						<line hits="0" number="516"/>
						<line hits="0" number="518"/>
					</lines>
				</class>
				<class branch-rate="0" complexity="0" filename="sssdevops/listtools.py" line-rate="0.25" name="listtools.py">
					<methods/>
					<lines>
						<line hits="1" number="7"/>
						<line hits="0" number="25"/>
						<line hits="0" number="26"/>
						<line hits="0" number="28"/>
					</lines>
				</class>
				<class branch-rate="0" complexity="0" filename="sssdevops/sssdevops.py" line-rate="1" name="sssdevops.py">
					<methods/>
					<lines>
						<line hits="1" number="11"/>
						<line hits="1" number="30"/>
						<line hits="1" number="31"/>
						<line hits="1" number="32"/>
						<line hits="1" number="34"/>
					</lines>
				</class>
			</classes>
		</package>
		<package branch-rate="0" complexity="0" line-rate="0.8947" name="sssdevops.tests">
			<classes>
				<class branch-rate="0" complexity="0" filename="sssdevops/tests/__init__.py" line-rate="1" name="__init__.py">
					<methods/>
					<lines/>
				</class>
				<class branch-rate="0" complexity="0" filename="sssdevops/tests/test_mean.py" line-rate="0.8947" name="test_mean.py">
					<methods/>
					<lines>
						<line hits="1" number="4"/>
						<line hits="1" number="5"/>
						<line hits="1" number="7"/>
						<line hits="1" number="8"/>
						<line hits="1" number="9"/>
						<line hits="1" number="10"/>
						<line hits="1" number="11"/>
						<line hits="1" number="13"/>
						<line hits="0" number="15"/>
						<line hits="1" number="17"/>
						<line hits="0" number="19"/>
						<line hits="1" number="21"/>
						<line hits="1" number="22"/>
						<line hits="1" number="23"/>
						<line hits="1" number="25"/>
						<line hits="1" number="26"/>
						<line hits="1" number="27"/>
						<line hits="1" number="29"/>
						<line hits="1" number="35"/>
					</lines>
				</class>
			</classes>
		</package>
	</packages>
</coverage>
